{"/Users/lana/projects/5FSDT-fase2/config.js": {"path":"/Users/lana/projects/5FSDT-fase2/config.js","all":true,"statementMap":{"1":{"start":{"line":2,"column":0},"end":{"line":2,"column":72}},"2":{"start":{"line":3,"column":0},"end":{"line":3,"column":62}},"3":{"start":{"line":4,"column":0},"end":{"line":4,"column":2}},"4":{"start":{"line":5,"column":0},"end":{"line":5,"column":62}},"5":{"start":{"line":6,"column":0},"end":{"line":6,"column":48}},"6":{"start":{"line":7,"column":0},"end":{"line":7,"column":52}},"7":{"start":{"line":8,"column":0},"end":{"line":8,"column":64}},"8":{"start":{"line":9,"column":0},"end":{"line":9,"column":55}},"9":{"start":{"line":10,"column":0},"end":{"line":10,"column":41}},"10":{"start":{"line":11,"column":0},"end":{"line":11,"column":70}},"11":{"start":{"line":12,"column":0},"end":{"line":12,"column":3}},"12":{"start":{"line":13,"column":0},"end":{"line":13,"column":20}},"13":{"start":{"line":14,"column":0},"end":{"line":14,"column":24}},"14":{"start":{"line":15,"column":0},"end":{"line":15,"column":1}},"15":{"start":{"line":16,"column":0},"end":{"line":16,"column":32}},"16":{"start":{"line":17,"column":0},"end":{"line":17,"column":65}},"17":{"start":{"line":18,"column":0},"end":{"line":18,"column":1}}},"s":{"1":0,"2":0,"3":0,"4":0,"5":0,"6":0,"7":0,"8":0,"9":0,"10":0,"11":0,"12":0,"13":0,"14":0,"15":0,"16":0,"17":0},"branchMap":{"0":{"type":"branch","line":1,"loc":{"start":{"line":1,"column":704},"end":{"line":18,"column":1}},"locations":[{"start":{"line":1,"column":704},"end":{"line":18,"column":1}}]}},"b":{"0":[1]},"fnMap":{"0":{"name":"(empty-report)","decl":{"start":{"line":1,"column":704},"end":{"line":18,"column":1}},"loc":{"start":{"line":1,"column":704},"end":{"line":18,"column":1}},"line":1}},"f":{"0":1}}
,"/Users/lana/projects/5FSDT-fase2/scripts/build.ts": {"path":"/Users/lana/projects/5FSDT-fase2/scripts/build.ts","all":true,"statementMap":{"0":{"start":{"line":1,"column":0},"end":{"line":1,"column":26}},"1":{"start":{"line":2,"column":0},"end":{"line":2,"column":32}},"2":{"start":{"line":3,"column":0},"end":{"line":3,"column":41}},"7":{"start":{"line":8,"column":0},"end":{"line":8,"column":14}},"8":{"start":{"line":9,"column":0},"end":{"line":9,"column":7}},"10":{"start":{"line":11,"column":0},"end":{"line":11,"column":28}},"11":{"start":{"line":12,"column":0},"end":{"line":12,"column":55}},"13":{"start":{"line":14,"column":0},"end":{"line":14,"column":50}},"14":{"start":{"line":15,"column":0},"end":{"line":15,"column":39}},"15":{"start":{"line":16,"column":0},"end":{"line":16,"column":28}},"16":{"start":{"line":17,"column":0},"end":{"line":17,"column":17}},"17":{"start":{"line":18,"column":0},"end":{"line":18,"column":20}},"19":{"start":{"line":20,"column":0},"end":{"line":20,"column":20}},"20":{"start":{"line":21,"column":0},"end":{"line":21,"column":3}},"21":{"start":{"line":22,"column":0},"end":{"line":22,"column":5}},"26":{"start":{"line":27,"column":0},"end":{"line":27,"column":45}},"27":{"start":{"line":28,"column":0},"end":{"line":28,"column":36}},"28":{"start":{"line":29,"column":0},"end":{"line":29,"column":36}},"29":{"start":{"line":30,"column":0},"end":{"line":30,"column":38}},"30":{"start":{"line":31,"column":0},"end":{"line":31,"column":7}},"31":{"start":{"line":32,"column":0},"end":{"line":32,"column":5}},"32":{"start":{"line":33,"column":0},"end":{"line":33,"column":1}},"37":{"start":{"line":38,"column":0},"end":{"line":38,"column":57}},"38":{"start":{"line":39,"column":0},"end":{"line":39,"column":36}},"39":{"start":{"line":40,"column":0},"end":{"line":40,"column":40}},"40":{"start":{"line":41,"column":0},"end":{"line":41,"column":38}},"41":{"start":{"line":42,"column":0},"end":{"line":42,"column":7}},"42":{"start":{"line":43,"column":0},"end":{"line":43,"column":5}},"43":{"start":{"line":44,"column":0},"end":{"line":44,"column":1}},"48":{"start":{"line":49,"column":0},"end":{"line":49,"column":56}},"49":{"start":{"line":50,"column":0},"end":{"line":50,"column":36}},"50":{"start":{"line":51,"column":0},"end":{"line":51,"column":74}},"51":{"start":{"line":52,"column":0},"end":{"line":52,"column":21}},"52":{"start":{"line":53,"column":0},"end":{"line":53,"column":28}},"53":{"start":{"line":54,"column":0},"end":{"line":54,"column":7}},"54":{"start":{"line":55,"column":0},"end":{"line":55,"column":21}},"55":{"start":{"line":56,"column":0},"end":{"line":56,"column":28}},"56":{"start":{"line":57,"column":0},"end":{"line":57,"column":7}},"57":{"start":{"line":58,"column":0},"end":{"line":58,"column":38}},"58":{"start":{"line":59,"column":0},"end":{"line":59,"column":7}},"59":{"start":{"line":60,"column":0},"end":{"line":60,"column":5}},"60":{"start":{"line":61,"column":0},"end":{"line":61,"column":1}}},"s":{"0":0,"1":0,"2":0,"7":0,"8":0,"10":0,"11":0,"13":0,"14":0,"15":0,"16":0,"17":0,"19":0,"20":0,"21":0,"26":0,"27":0,"28":0,"29":0,"30":0,"31":0,"32":0,"37":0,"38":0,"39":0,"40":0,"41":0,"42":0,"43":0,"48":0,"49":0,"50":0,"51":0,"52":0,"53":0,"54":0,"55":0,"56":0,"57":0,"58":0,"59":0,"60":0},"branchMap":{"0":{"type":"branch","line":1,"loc":{"start":{"line":1,"column":0},"end":{"line":61,"column":-18}},"locations":[{"start":{"line":1,"column":0},"end":{"line":61,"column":-18}}]}},"b":{"0":[0]},"fnMap":{"0":{"name":"(empty-report)","decl":{"start":{"line":1,"column":0},"end":{"line":61,"column":-18}},"loc":{"start":{"line":1,"column":0},"end":{"line":61,"column":-18}},"line":1}},"f":{"0":0}}
,"/Users/lana/projects/5FSDT-fase2/src/index.ts": {"path":"/Users/lana/projects/5FSDT-fase2/src/index.ts","all":true,"statementMap":{"0":{"start":{"line":1,"column":0},"end":{"line":1,"column":32}},"2":{"start":{"line":3,"column":0},"end":{"line":3,"column":44}},"3":{"start":{"line":4,"column":0},"end":{"line":4,"column":30}},"9":{"start":{"line":10,"column":0},"end":{"line":10,"column":24}},"10":{"start":{"line":11,"column":0},"end":{"line":11,"column":59}},"17":{"start":{"line":18,"column":0},"end":{"line":18,"column":34}},"18":{"start":{"line":19,"column":0},"end":{"line":19,"column":14}},"19":{"start":{"line":20,"column":0},"end":{"line":20,"column":28}},"20":{"start":{"line":21,"column":0},"end":{"line":21,"column":10}},"21":{"start":{"line":22,"column":0},"end":{"line":22,"column":34}},"22":{"start":{"line":23,"column":0},"end":{"line":23,"column":3}},"23":{"start":{"line":24,"column":0},"end":{"line":24,"column":3}}},"s":{"0":0,"2":0,"3":0,"9":0,"10":0,"17":0,"18":0,"19":0,"20":0,"21":0,"22":0,"23":0},"branchMap":{"0":{"type":"branch","line":1,"loc":{"start":{"line":1,"column":774},"end":{"line":24,"column":3}},"locations":[{"start":{"line":1,"column":774},"end":{"line":24,"column":3}}]}},"b":{"0":[0]},"fnMap":{"0":{"name":"(empty-report)","decl":{"start":{"line":1,"column":774},"end":{"line":24,"column":3}},"loc":{"start":{"line":1,"column":774},"end":{"line":24,"column":3}},"line":1}},"f":{"0":0}}
,"/Users/lana/projects/5FSDT-fase2/src/server.ts": {"path":"/Users/lana/projects/5FSDT-fase2/src/server.ts","all":false,"statementMap":{"0":{"start":{"line":1,"column":0},"end":{"line":1,"column":28}},"1":{"start":{"line":2,"column":0},"end":{"line":2,"column":28}},"2":{"start":{"line":3,"column":0},"end":{"line":3,"column":67}},"3":{"start":{"line":4,"column":0},"end":{"line":4,"column":32}},"5":{"start":{"line":6,"column":0},"end":{"line":6,"column":37}},"7":{"start":{"line":8,"column":0},"end":{"line":8,"column":48}},"8":{"start":{"line":9,"column":0},"end":{"line":9,"column":44}},"9":{"start":{"line":10,"column":0},"end":{"line":10,"column":68}},"10":{"start":{"line":11,"column":0},"end":{"line":11,"column":59}},"11":{"start":{"line":12,"column":0},"end":{"line":12,"column":49}},"17":{"start":{"line":18,"column":0},"end":{"line":18,"column":22}},"22":{"start":{"line":23,"column":0},"end":{"line":23,"column":24}},"23":{"start":{"line":24,"column":0},"end":{"line":24,"column":48}},"26":{"start":{"line":27,"column":0},"end":{"line":27,"column":35}},"27":{"start":{"line":28,"column":0},"end":{"line":28,"column":25}},"28":{"start":{"line":29,"column":0},"end":{"line":29,"column":1}},"31":{"start":{"line":32,"column":0},"end":{"line":32,"column":42}},"33":{"start":{"line":34,"column":0},"end":{"line":34,"column":36}},"34":{"start":{"line":35,"column":0},"end":{"line":35,"column":22}},"35":{"start":{"line":36,"column":0},"end":{"line":36,"column":3}},"36":{"start":{"line":37,"column":0},"end":{"line":37,"column":1}},"39":{"start":{"line":40,"column":0},"end":{"line":40,"column":32}},"42":{"start":{"line":43,"column":0},"end":{"line":43,"column":72}},"43":{"start":{"line":44,"column":0},"end":{"line":44,"column":48}},"44":{"start":{"line":45,"column":0},"end":{"line":45,"column":26}},"45":{"start":{"line":46,"column":0},"end":{"line":46,"column":3}},"46":{"start":{"line":47,"column":0},"end":{"line":47,"column":43}},"47":{"start":{"line":48,"column":0},"end":{"line":48,"column":34}},"48":{"start":{"line":49,"column":0},"end":{"line":49,"column":24}},"49":{"start":{"line":50,"column":0},"end":{"line":50,"column":52}},"50":{"start":{"line":51,"column":0},"end":{"line":51,"column":3}},"51":{"start":{"line":52,"column":0},"end":{"line":52,"column":19}},"52":{"start":{"line":53,"column":0},"end":{"line":53,"column":3}},"58":{"start":{"line":59,"column":0},"end":{"line":59,"column":19}}},"s":{"0":1,"1":1,"2":1,"3":1,"5":1,"7":1,"8":1,"9":1,"10":1,"11":1,"17":1,"22":1,"23":1,"26":1,"27":0,"28":0,"31":1,"33":0,"34":0,"35":0,"36":0,"39":1,"42":1,"43":0,"44":0,"45":0,"46":0,"47":0,"48":0,"49":0,"50":0,"51":0,"52":0,"58":1},"branchMap":{"0":{"type":"branch","line":27,"loc":{"start":{"line":27,"column":34},"end":{"line":29,"column":1}},"locations":[{"start":{"line":27,"column":34},"end":{"line":29,"column":1}}]},"1":{"type":"branch","line":32,"loc":{"start":{"line":32,"column":41},"end":{"line":37,"column":1}},"locations":[{"start":{"line":32,"column":41},"end":{"line":37,"column":1}}]}},"b":{"0":[0],"1":[0]},"fnMap":{},"f":{}}
,"/Users/lana/projects/5FSDT-fase2/src/common/constants/ENV.ts": {"path":"/Users/lana/projects/5FSDT-fase2/src/common/constants/ENV.ts","all":false,"statementMap":{"0":{"start":{"line":1,"column":0},"end":{"line":1,"column":38}},"1":{"start":{"line":2,"column":0},"end":{"line":2,"column":43}},"3":{"start":{"line":4,"column":0},"end":{"line":4,"column":29}},"9":{"start":{"line":10,"column":0},"end":{"line":10,"column":20}},"10":{"start":{"line":11,"column":0},"end":{"line":11,"column":31}},"11":{"start":{"line":12,"column":0},"end":{"line":12,"column":12}},"12":{"start":{"line":13,"column":0},"end":{"line":13,"column":3}},"18":{"start":{"line":19,"column":0},"end":{"line":19,"column":19}}},"s":{"0":1,"1":1,"3":1,"9":1,"10":1,"11":1,"12":1,"18":1},"branchMap":{},"b":{},"fnMap":{},"f":{}}
,"/Users/lana/projects/5FSDT-fase2/src/common/constants/HttpStatusCodes.ts": {"path":"/Users/lana/projects/5FSDT-fase2/src/common/constants/HttpStatusCodes.ts","all":false,"statementMap":{"9":{"start":{"line":10,"column":0},"end":{"line":10,"column":22}},"18":{"start":{"line":19,"column":0},"end":{"line":19,"column":19}},"23":{"start":{"line":24,"column":0},"end":{"line":24,"column":30}},"30":{"start":{"line":31,"column":0},"end":{"line":31,"column":21}},"38":{"start":{"line":39,"column":0},"end":{"line":39,"column":13}},"43":{"start":{"line":44,"column":0},"end":{"line":44,"column":18}},"49":{"start":{"line":50,"column":0},"end":{"line":50,"column":19}},"56":{"start":{"line":57,"column":0},"end":{"line":57,"column":40}},"61":{"start":{"line":62,"column":0},"end":{"line":62,"column":21}},"67":{"start":{"line":68,"column":0},"end":{"line":68,"column":24}},"74":{"start":{"line":75,"column":0},"end":{"line":75,"column":26}},"80":{"start":{"line":81,"column":0},"end":{"line":81,"column":23}},"86":{"start":{"line":87,"column":0},"end":{"line":87,"column":27}},"92":{"start":{"line":93,"column":0},"end":{"line":93,"column":18}},"99":{"start":{"line":100,"column":0},"end":{"line":100,"column":27}},"104":{"start":{"line":105,"column":0},"end":{"line":105,"column":28}},"114":{"start":{"line":115,"column":0},"end":{"line":115,"column":16}},"122":{"start":{"line":123,"column":0},"end":{"line":123,"column":20}},"128":{"start":{"line":129,"column":0},"end":{"line":129,"column":23}},"135":{"start":{"line":136,"column":0},"end":{"line":136,"column":20}},"140":{"start":{"line":141,"column":0},"end":{"line":141,"column":23}},"148":{"start":{"line":149,"column":0},"end":{"line":149,"column":29}},"155":{"start":{"line":156,"column":0},"end":{"line":156,"column":29}},"161":{"start":{"line":162,"column":0},"end":{"line":162,"column":22}},"169":{"start":{"line":170,"column":0},"end":{"line":170,"column":23}},"176":{"start":{"line":177,"column":0},"end":{"line":177,"column":27}},"182":{"start":{"line":183,"column":0},"end":{"line":183,"column":20}},"188":{"start":{"line":189,"column":0},"end":{"line":189,"column":20}},"194":{"start":{"line":195,"column":0},"end":{"line":195,"column":29}},"199":{"start":{"line":200,"column":0},"end":{"line":200,"column":25}},"204":{"start":{"line":205,"column":0},"end":{"line":205,"column":40}},"211":{"start":{"line":212,"column":0},"end":{"line":212,"column":26}},"217":{"start":{"line":218,"column":0},"end":{"line":218,"column":19}},"226":{"start":{"line":227,"column":0},"end":{"line":227,"column":15}},"231":{"start":{"line":232,"column":0},"end":{"line":232,"column":26}},"236":{"start":{"line":237,"column":0},"end":{"line":237,"column":30}},"241":{"start":{"line":242,"column":0},"end":{"line":242,"column":28}},"248":{"start":{"line":249,"column":0},"end":{"line":249,"column":23}},"254":{"start":{"line":255,"column":0},"end":{"line":255,"column":33}},"261":{"start":{"line":262,"column":0},"end":{"line":262,"column":32}},"266":{"start":{"line":267,"column":0},"end":{"line":267,"column":29}},"273":{"start":{"line":274,"column":0},"end":{"line":274,"column":24}},"278":{"start":{"line":279,"column":0},"end":{"line":279,"column":30}},"283":{"start":{"line":284,"column":0},"end":{"line":284,"column":31}},"288":{"start":{"line":289,"column":0},"end":{"line":289,"column":17}},"293":{"start":{"line":294,"column":0},"end":{"line":294,"column":28}},"298":{"start":{"line":299,"column":0},"end":{"line":299,"column":27}},"306":{"start":{"line":307,"column":0},"end":{"line":307,"column":32}},"311":{"start":{"line":312,"column":0},"end":{"line":312,"column":28}},"317":{"start":{"line":318,"column":0},"end":{"line":318,"column":42}},"323":{"start":{"line":324,"column":0},"end":{"line":324,"column":40}},"328":{"start":{"line":329,"column":0},"end":{"line":329,"column":32}},"334":{"start":{"line":335,"column":0},"end":{"line":335,"column":26}},"339":{"start":{"line":340,"column":0},"end":{"line":340,"column":22}},"345":{"start":{"line":346,"column":0},"end":{"line":346,"column":30}},"350":{"start":{"line":351,"column":0},"end":{"line":351,"column":26}},"355":{"start":{"line":356,"column":0},"end":{"line":356,"column":37}},"360":{"start":{"line":361,"column":0},"end":{"line":361,"column":34}},"365":{"start":{"line":366,"column":0},"end":{"line":366,"column":31}},"370":{"start":{"line":371,"column":0},"end":{"line":371,"column":24}},"375":{"start":{"line":376,"column":0},"end":{"line":376,"column":23}},"382":{"start":{"line":383,"column":0},"end":{"line":383,"column":41}},"390":{"start":{"line":391,"column":0},"end":{"line":391,"column":31}}},"s":{"9":1,"18":1,"23":1,"30":1,"38":1,"43":1,"49":1,"56":1,"61":1,"67":1,"74":1,"80":1,"86":1,"92":1,"99":1,"104":1,"114":1,"122":1,"128":1,"135":1,"140":1,"148":1,"155":1,"161":1,"169":1,"176":1,"182":1,"188":1,"194":1,"199":1,"204":1,"211":1,"217":1,"226":1,"231":1,"236":1,"241":1,"248":1,"254":1,"261":1,"266":1,"273":1,"278":1,"283":1,"288":1,"293":1,"298":1,"306":1,"311":1,"317":1,"323":1,"328":1,"334":1,"339":1,"345":1,"350":1,"355":1,"360":1,"365":1,"370":1,"375":1,"382":1,"390":1},"branchMap":{"0":{"type":"branch","line":10,"loc":{"start":{"line":10,"column":0},"end":{"line":10,"column":22}},"locations":[{"start":{"line":10,"column":0},"end":{"line":10,"column":22}}]}},"b":{"0":[1]},"fnMap":{},"f":{}}
,"/Users/lana/projects/5FSDT-fase2/src/common/constants/Paths.ts": {"path":"/Users/lana/projects/5FSDT-fase2/src/common/constants/Paths.ts","all":false,"statementMap":{"0":{"start":{"line":1,"column":0},"end":{"line":1,"column":16}},"1":{"start":{"line":2,"column":0},"end":{"line":2,"column":15}},"2":{"start":{"line":3,"column":0},"end":{"line":3,"column":10}},"3":{"start":{"line":4,"column":0},"end":{"line":4,"column":19}},"4":{"start":{"line":5,"column":0},"end":{"line":5,"column":17}},"5":{"start":{"line":6,"column":0},"end":{"line":6,"column":22}},"6":{"start":{"line":7,"column":0},"end":{"line":7,"column":4}},"7":{"start":{"line":8,"column":0},"end":{"line":8,"column":11}}},"s":{"0":1,"1":1,"2":1,"3":1,"4":1,"5":1,"6":1,"7":1},"branchMap":{},"b":{},"fnMap":{},"f":{}}
,"/Users/lana/projects/5FSDT-fase2/src/common/constants/index.ts": {"path":"/Users/lana/projects/5FSDT-fase2/src/common/constants/index.ts","all":false,"statementMap":{"5":{"start":{"line":6,"column":0},"end":{"line":6,"column":22}},"6":{"start":{"line":7,"column":0},"end":{"line":7,"column":22}},"7":{"start":{"line":8,"column":0},"end":{"line":8,"column":16}},"8":{"start":{"line":9,"column":0},"end":{"line":9,"column":28}}},"s":{"5":1,"6":1,"7":1,"8":1},"branchMap":{"0":{"type":"branch","line":6,"loc":{"start":{"line":6,"column":7},"end":{"line":6,"column":22}},"locations":[{"start":{"line":6,"column":7},"end":{"line":6,"column":22}}]}},"b":{"0":[1]},"fnMap":{},"f":{}}
,"/Users/lana/projects/5FSDT-fase2/src/common/util/misc.ts": {"path":"/Users/lana/projects/5FSDT-fase2/src/common/util/misc.ts","all":true,"statementMap":{"8":{"start":{"line":9,"column":0},"end":{"line":9,"column":40}},"9":{"start":{"line":10,"column":0},"end":{"line":10,"column":55}},"10":{"start":{"line":11,"column":0},"end":{"line":11,"column":1}}},"s":{"8":0,"9":0,"10":0},"branchMap":{"0":{"type":"branch","line":1,"loc":{"start":{"line":1,"column":375},"end":{"line":11,"column":1}},"locations":[{"start":{"line":1,"column":375},"end":{"line":11,"column":1}}]}},"b":{"0":[1]},"fnMap":{"0":{"name":"(empty-report)","decl":{"start":{"line":1,"column":375},"end":{"line":11,"column":1}},"loc":{"start":{"line":1,"column":375},"end":{"line":11,"column":1}},"line":1}},"f":{"0":1}}
,"/Users/lana/projects/5FSDT-fase2/src/common/util/route-errors.ts": {"path":"/Users/lana/projects/5FSDT-fase2/src/common/util/route-errors.ts","all":false,"statementMap":{"2":{"start":{"line":3,"column":0},"end":{"line":3,"column":68}},"12":{"start":{"line":13,"column":0},"end":{"line":13,"column":39}},"15":{"start":{"line":16,"column":0},"end":{"line":16,"column":64}},"16":{"start":{"line":17,"column":0},"end":{"line":17,"column":19}},"17":{"start":{"line":18,"column":0},"end":{"line":18,"column":25}},"18":{"start":{"line":19,"column":0},"end":{"line":19,"column":3}},"19":{"start":{"line":20,"column":0},"end":{"line":20,"column":1}},"24":{"start":{"line":25,"column":0},"end":{"line":25,"column":49}},"26":{"start":{"line":27,"column":0},"end":{"line":27,"column":73}},"29":{"start":{"line":30,"column":0},"end":{"line":30,"column":51}},"30":{"start":{"line":31,"column":0},"end":{"line":31,"column":32}},"31":{"start":{"line":32,"column":0},"end":{"line":32,"column":39}},"32":{"start":{"line":33,"column":0},"end":{"line":33,"column":13}},"33":{"start":{"line":34,"column":0},"end":{"line":34,"column":7}},"34":{"start":{"line":35,"column":0},"end":{"line":35,"column":44}},"35":{"start":{"line":36,"column":0},"end":{"line":36,"column":3}},"36":{"start":{"line":37,"column":0},"end":{"line":37,"column":1}}},"s":{"2":1,"12":1,"15":1,"16":0,"17":0,"18":0,"19":1,"24":1,"26":1,"29":1,"30":0,"31":0,"32":0,"33":0,"34":0,"35":0,"36":1},"branchMap":{"0":{"type":"branch","line":27,"loc":{"start":{"line":27,"column":2},"end":{"line":27,"column":73}},"locations":[{"start":{"line":27,"column":2},"end":{"line":27,"column":73}}]}},"b":{"0":[1]},"fnMap":{"0":{"name":"RouteError","decl":{"start":{"line":16,"column":9},"end":{"line":19,"column":3}},"loc":{"start":{"line":16,"column":9},"end":{"line":19,"column":3}},"line":16},"1":{"name":"<static_initializer>","decl":{"start":{"line":27,"column":2},"end":{"line":27,"column":73}},"loc":{"start":{"line":27,"column":2},"end":{"line":27,"column":73}},"line":27},"2":{"name":"ValidationError","decl":{"start":{"line":30,"column":9},"end":{"line":36,"column":3}},"loc":{"start":{"line":30,"column":9},"end":{"line":36,"column":3}},"line":30}},"f":{"0":0,"1":1,"2":0}}
,"/Users/lana/projects/5FSDT-fase2/src/common/util/validators.ts": {"path":"/Users/lana/projects/5FSDT-fase2/src/common/util/validators.ts","all":false,"statementMap":{"0":{"start":{"line":1,"column":0},"end":{"line":1,"column":50}},"1":{"start":{"line":2,"column":0},"end":{"line":2,"column":49}},"11":{"start":{"line":12,"column":0},"end":{"line":12,"column":62}},"12":{"start":{"line":13,"column":0},"end":{"line":13,"column":36}},"13":{"start":{"line":14,"column":0},"end":{"line":14,"column":1}},"18":{"start":{"line":19,"column":0},"end":{"line":19,"column":37}},"19":{"start":{"line":20,"column":0},"end":{"line":20,"column":33}},"20":{"start":{"line":21,"column":0},"end":{"line":21,"column":21}},"21":{"start":{"line":22,"column":0},"end":{"line":22,"column":2}}},"s":{"0":1,"1":1,"11":1,"12":6,"13":6,"18":1,"19":1,"20":1,"21":1},"branchMap":{"0":{"type":"branch","line":12,"loc":{"start":{"line":12,"column":7},"end":{"line":14,"column":1}},"locations":[{"start":{"line":12,"column":7},"end":{"line":14,"column":1}}]},"1":{"type":"branch","line":20,"loc":{"start":{"line":20,"column":2},"end":{"line":20,"column":33}},"locations":[{"start":{"line":20,"column":2},"end":{"line":20,"column":33}}]},"2":{"type":"branch","line":21,"loc":{"start":{"line":21,"column":2},"end":{"line":21,"column":21}},"locations":[{"start":{"line":21,"column":2},"end":{"line":21,"column":21}}]}},"b":{"0":[6],"1":[6],"2":[6]},"fnMap":{"0":{"name":"isRelationalKey","decl":{"start":{"line":12,"column":7},"end":{"line":14,"column":1}},"loc":{"start":{"line":12,"column":7},"end":{"line":14,"column":1}},"line":12}},"f":{"0":6}}
,"/Users/lana/projects/5FSDT-fase2/src/models/Post.ts": {"path":"/Users/lana/projects/5FSDT-fase2/src/models/Post.ts","all":false,"statementMap":{"0":{"start":{"line":1,"column":0},"end":{"line":1,"column":42}},"1":{"start":{"line":2,"column":0},"end":{"line":2,"column":66}},"3":{"start":{"line":4,"column":0},"end":{"line":4,"column":75}},"10":{"start":{"line":11,"column":0},"end":{"line":11,"column":41}},"11":{"start":{"line":12,"column":0},"end":{"line":12,"column":9}},"12":{"start":{"line":13,"column":0},"end":{"line":13,"column":12}},"13":{"start":{"line":14,"column":0},"end":{"line":14,"column":14}},"14":{"start":{"line":15,"column":0},"end":{"line":15,"column":14}},"15":{"start":{"line":16,"column":0},"end":{"line":16,"column":16}},"16":{"start":{"line":17,"column":0},"end":{"line":17,"column":24}},"17":{"start":{"line":18,"column":0},"end":{"line":18,"column":24}},"18":{"start":{"line":19,"column":0},"end":{"line":19,"column":3}},"36":{"start":{"line":37,"column":0},"end":{"line":37,"column":38}},"37":{"start":{"line":38,"column":0},"end":{"line":38,"column":22}},"38":{"start":{"line":39,"column":0},"end":{"line":39,"column":18}},"39":{"start":{"line":40,"column":0},"end":{"line":40,"column":20}},"40":{"start":{"line":41,"column":0},"end":{"line":41,"column":20}},"41":{"start":{"line":42,"column":0},"end":{"line":42,"column":29}},"42":{"start":{"line":43,"column":0},"end":{"line":43,"column":25}},"43":{"start":{"line":44,"column":0},"end":{"line":44,"column":25}},"44":{"start":{"line":45,"column":0},"end":{"line":45,"column":3}},"53":{"start":{"line":54,"column":0},"end":{"line":54,"column":48}},"54":{"start":{"line":55,"column":0},"end":{"line":55,"column":53}},"55":{"start":{"line":56,"column":0},"end":{"line":56,"column":40}},"56":{"start":{"line":57,"column":0},"end":{"line":57,"column":80}},"57":{"start":{"line":58,"column":0},"end":{"line":58,"column":5}},"58":{"start":{"line":59,"column":0},"end":{"line":59,"column":1}},"63":{"start":{"line":64,"column":0},"end":{"line":64,"column":66}},"64":{"start":{"line":65,"column":0},"end":{"line":65,"column":33}},"65":{"start":{"line":66,"column":0},"end":{"line":66,"column":1}},"71":{"start":{"line":72,"column":0},"end":{"line":72,"column":16}},"72":{"start":{"line":73,"column":0},"end":{"line":73,"column":15}},"73":{"start":{"line":74,"column":0},"end":{"line":74,"column":7}},"74":{"start":{"line":75,"column":0},"end":{"line":75,"column":11}}},"s":{"0":1,"1":1,"3":1,"10":1,"11":3,"12":3,"13":3,"14":3,"15":3,"16":3,"17":3,"18":3,"36":1,"37":1,"38":1,"39":1,"40":1,"41":1,"42":1,"43":1,"44":1,"53":3,"54":3,"55":3,"56":0,"57":3,"58":3,"63":0,"64":0,"65":0,"71":1,"72":1,"73":1,"74":1},"branchMap":{"0":{"type":"branch","line":11,"loc":{"start":{"line":11,"column":26},"end":{"line":19,"column":3}},"locations":[{"start":{"line":11,"column":26},"end":{"line":19,"column":3}}]},"1":{"type":"branch","line":54,"loc":{"start":{"line":54,"column":0},"end":{"line":59,"column":1}},"locations":[{"start":{"line":54,"column":0},"end":{"line":59,"column":1}}]}},"b":{"0":[3],"1":[3]},"fnMap":{"0":{"name":"DEFAULT_POST_VALS","decl":{"start":{"line":11,"column":26},"end":{"line":19,"column":3}},"loc":{"start":{"line":11,"column":26},"end":{"line":19,"column":3}},"line":11},"1":{"name":"__new__","decl":{"start":{"line":54,"column":0},"end":{"line":59,"column":1}},"loc":{"start":{"line":54,"column":0},"end":{"line":59,"column":1}},"line":54},"2":{"name":"test","decl":{"start":{"line":64,"column":0},"end":{"line":66,"column":1}},"loc":{"start":{"line":64,"column":0},"end":{"line":66,"column":1}},"line":64}},"f":{"0":3,"1":3,"2":0}}
,"/Users/lana/projects/5FSDT-fase2/src/models/common/types/index.ts": {"path":"/Users/lana/projects/5FSDT-fase2/src/models/common/types/index.ts","all":true,"statementMap":{},"s":{},"branchMap":{"0":{"type":"branch","line":1,"loc":{"start":{"line":1,"column":85},"end":{"line":6,"column":1}},"locations":[{"start":{"line":1,"column":85},"end":{"line":6,"column":1}}]}},"b":{"0":[1]},"fnMap":{"0":{"name":"(empty-report)","decl":{"start":{"line":1,"column":85},"end":{"line":6,"column":1}},"loc":{"start":{"line":1,"column":85},"end":{"line":6,"column":1}},"line":1}},"f":{"0":1}}
,"/Users/lana/projects/5FSDT-fase2/src/repos/PostRepo.ts": {"path":"/Users/lana/projects/5FSDT-fase2/src/repos/PostRepo.ts","all":false,"statementMap":{"2":{"start":{"line":3,"column":0},"end":{"line":3,"column":31}},"8":{"start":{"line":9,"column":0},"end":{"line":9,"column":58}},"9":{"start":{"line":10,"column":0},"end":{"line":10,"column":24}},"10":{"start":{"line":11,"column":0},"end":{"line":11,"column":50}},"11":{"start":{"line":12,"column":0},"end":{"line":12,"column":49}},"12":{"start":{"line":13,"column":0},"end":{"line":13,"column":31}},"13":{"start":{"line":14,"column":0},"end":{"line":14,"column":1}},"18":{"start":{"line":19,"column":0},"end":{"line":19,"column":55}},"25":{"start":{"line":26,"column":0},"end":{"line":26,"column":15}},"26":{"start":{"line":27,"column":0},"end":{"line":27,"column":1}},"31":{"start":{"line":32,"column":0},"end":{"line":32,"column":43}},"32":{"start":{"line":33,"column":0},"end":{"line":33,"column":24}},"33":{"start":{"line":34,"column":0},"end":{"line":34,"column":36}},"34":{"start":{"line":35,"column":0},"end":{"line":35,"column":44}},"35":{"start":{"line":36,"column":0},"end":{"line":36,"column":21}},"36":{"start":{"line":37,"column":0},"end":{"line":37,"column":1}},"41":{"start":{"line":42,"column":0},"end":{"line":42,"column":48}},"46":{"start":{"line":47,"column":0},"end":{"line":47,"column":1}},"51":{"start":{"line":52,"column":0},"end":{"line":52,"column":51}},"66":{"start":{"line":67,"column":0},"end":{"line":67,"column":1}},"71":{"start":{"line":72,"column":0},"end":{"line":72,"column":50}},"79":{"start":{"line":80,"column":0},"end":{"line":80,"column":1}},"84":{"start":{"line":85,"column":0},"end":{"line":85,"column":56}},"90":{"start":{"line":91,"column":0},"end":{"line":91,"column":12}},"91":{"start":{"line":92,"column":0},"end":{"line":92,"column":1}},"93":{"start":{"line":94,"column":0},"end":{"line":94,"column":16}},"94":{"start":{"line":95,"column":0},"end":{"line":95,"column":9}},"95":{"start":{"line":96,"column":0},"end":{"line":96,"column":11}},"96":{"start":{"line":97,"column":0},"end":{"line":97,"column":9}},"97":{"start":{"line":98,"column":0},"end":{"line":98,"column":6}},"98":{"start":{"line":99,"column":0},"end":{"line":99,"column":9}},"99":{"start":{"line":100,"column":0},"end":{"line":100,"column":9}},"100":{"start":{"line":101,"column":0},"end":{"line":101,"column":9}},"101":{"start":{"line":102,"column":0},"end":{"line":102,"column":11}}},"s":{"2":1,"8":0,"9":0,"10":0,"11":0,"12":0,"13":0,"18":0,"25":0,"26":0,"31":0,"32":0,"33":0,"34":0,"35":0,"36":0,"41":0,"46":0,"51":0,"66":0,"71":0,"79":0,"84":0,"90":0,"91":0,"93":1,"94":1,"95":1,"96":1,"97":1,"98":1,"99":1,"100":1,"101":1},"branchMap":{},"b":{},"fnMap":{"0":{"name":"getOne","decl":{"start":{"line":9,"column":0},"end":{"line":14,"column":1}},"loc":{"start":{"line":9,"column":0},"end":{"line":14,"column":1}},"line":9},"1":{"name":"persists","decl":{"start":{"line":19,"column":0},"end":{"line":27,"column":1}},"loc":{"start":{"line":19,"column":0},"end":{"line":27,"column":1}},"line":19},"2":{"name":"getAll","decl":{"start":{"line":32,"column":0},"end":{"line":37,"column":1}},"loc":{"start":{"line":32,"column":0},"end":{"line":37,"column":1}},"line":32},"3":{"name":"add","decl":{"start":{"line":42,"column":0},"end":{"line":47,"column":1}},"loc":{"start":{"line":42,"column":0},"end":{"line":47,"column":1}},"line":42},"4":{"name":"update","decl":{"start":{"line":52,"column":0},"end":{"line":67,"column":1}},"loc":{"start":{"line":52,"column":0},"end":{"line":67,"column":1}},"line":52},"5":{"name":"remove","decl":{"start":{"line":72,"column":0},"end":{"line":80,"column":1}},"loc":{"start":{"line":72,"column":0},"end":{"line":80,"column":1}},"line":72},"6":{"name":"search","decl":{"start":{"line":85,"column":0},"end":{"line":92,"column":1}},"loc":{"start":{"line":85,"column":0},"end":{"line":92,"column":1}},"line":85}},"f":{"0":0,"1":0,"2":0,"3":0,"4":0,"5":0,"6":0}}
,"/Users/lana/projects/5FSDT-fase2/src/repos/pg.ts": {"path":"/Users/lana/projects/5FSDT-fase2/src/repos/pg.ts","all":false,"statementMap":{"0":{"start":{"line":1,"column":0},"end":{"line":1,"column":28}},"1":{"start":{"line":2,"column":0},"end":{"line":2,"column":32}},"3":{"start":{"line":4,"column":0},"end":{"line":4,"column":43}},"5":{"start":{"line":6,"column":0},"end":{"line":6,"column":34}},"6":{"start":{"line":7,"column":0},"end":{"line":7,"column":7}},"7":{"start":{"line":8,"column":0},"end":{"line":8,"column":18}},"8":{"start":{"line":9,"column":0},"end":{"line":9,"column":22}},"9":{"start":{"line":10,"column":0},"end":{"line":10,"column":54}},"10":{"start":{"line":11,"column":0},"end":{"line":11,"column":62}},"11":{"start":{"line":12,"column":0},"end":{"line":12,"column":54}},"12":{"start":{"line":13,"column":0},"end":{"line":13,"column":56}},"13":{"start":{"line":14,"column":0},"end":{"line":14,"column":56}},"14":{"start":{"line":15,"column":0},"end":{"line":15,"column":8}},"16":{"start":{"line":17,"column":0},"end":{"line":17,"column":34}},"17":{"start":{"line":18,"column":0},"end":{"line":18,"column":29}},"18":{"start":{"line":19,"column":0},"end":{"line":19,"column":5}},"20":{"start":{"line":21,"column":0},"end":{"line":21,"column":18}},"21":{"start":{"line":22,"column":0},"end":{"line":22,"column":19}},"22":{"start":{"line":23,"column":0},"end":{"line":23,"column":63}},"23":{"start":{"line":24,"column":0},"end":{"line":24,"column":16}},"24":{"start":{"line":25,"column":0},"end":{"line":25,"column":3}},"25":{"start":{"line":26,"column":0},"end":{"line":26,"column":1}},"27":{"start":{"line":28,"column":0},"end":{"line":28,"column":31}}},"s":{"0":1,"1":1,"3":1,"5":0,"6":0,"7":0,"8":0,"9":0,"10":0,"11":0,"12":0,"13":0,"14":0,"16":0,"17":0,"18":0,"20":0,"21":0,"22":0,"23":0,"24":0,"25":0,"27":1},"branchMap":{},"b":{},"fnMap":{"0":{"name":"connectPostgres","decl":{"start":{"line":6,"column":0},"end":{"line":26,"column":1}},"loc":{"start":{"line":6,"column":0},"end":{"line":26,"column":1}},"line":6}},"f":{"0":0}}
,"/Users/lana/projects/5FSDT-fase2/src/routes/PostRoutes.ts": {"path":"/Users/lana/projects/5FSDT-fase2/src/routes/PostRoutes.ts","all":false,"statementMap":{"0":{"start":{"line":1,"column":0},"end":{"line":1,"column":42}},"1":{"start":{"line":2,"column":0},"end":{"line":2,"column":49}},"3":{"start":{"line":4,"column":0},"end":{"line":4,"column":68}},"4":{"start":{"line":5,"column":0},"end":{"line":5,"column":52}},"5":{"start":{"line":6,"column":0},"end":{"line":6,"column":36}},"8":{"start":{"line":9,"column":0},"end":{"line":9,"column":41}},"14":{"start":{"line":15,"column":0},"end":{"line":15,"column":20}},"15":{"start":{"line":16,"column":0},"end":{"line":16,"column":37}},"16":{"start":{"line":17,"column":0},"end":{"line":17,"column":40}},"17":{"start":{"line":18,"column":0},"end":{"line":18,"column":56}},"18":{"start":{"line":19,"column":0},"end":{"line":19,"column":11}},"27":{"start":{"line":28,"column":0},"end":{"line":28,"column":43}},"28":{"start":{"line":29,"column":0},"end":{"line":29,"column":43}},"29":{"start":{"line":30,"column":0},"end":{"line":30,"column":49}},"30":{"start":{"line":31,"column":0},"end":{"line":31,"column":1}},"35":{"start":{"line":36,"column":0},"end":{"line":36,"column":46}},"36":{"start":{"line":37,"column":0},"end":{"line":37,"column":47}},"37":{"start":{"line":38,"column":0},"end":{"line":38,"column":45}},"38":{"start":{"line":39,"column":0},"end":{"line":39,"column":14}},"39":{"start":{"line":40,"column":0},"end":{"line":40,"column":48}},"40":{"start":{"line":41,"column":0},"end":{"line":41,"column":11}},"41":{"start":{"line":42,"column":0},"end":{"line":42,"column":3}},"42":{"start":{"line":43,"column":0},"end":{"line":43,"column":48}},"43":{"start":{"line":44,"column":0},"end":{"line":44,"column":1}},"48":{"start":{"line":49,"column":0},"end":{"line":49,"column":42}},"49":{"start":{"line":50,"column":0},"end":{"line":50,"column":44}},"50":{"start":{"line":51,"column":0},"end":{"line":51,"column":33}},"51":{"start":{"line":52,"column":0},"end":{"line":52,"column":44}},"52":{"start":{"line":53,"column":0},"end":{"line":53,"column":1}},"57":{"start":{"line":58,"column":0},"end":{"line":58,"column":45}},"58":{"start":{"line":59,"column":0},"end":{"line":59,"column":47}},"59":{"start":{"line":60,"column":0},"end":{"line":60,"column":36}},"60":{"start":{"line":61,"column":0},"end":{"line":61,"column":39}},"61":{"start":{"line":62,"column":0},"end":{"line":62,"column":1}},"66":{"start":{"line":67,"column":0},"end":{"line":67,"column":46}},"67":{"start":{"line":68,"column":0},"end":{"line":68,"column":47}},"68":{"start":{"line":69,"column":0},"end":{"line":69,"column":31}},"69":{"start":{"line":70,"column":0},"end":{"line":70,"column":39}},"70":{"start":{"line":71,"column":0},"end":{"line":71,"column":1}},"75":{"start":{"line":76,"column":0},"end":{"line":76,"column":45}},"76":{"start":{"line":77,"column":0},"end":{"line":77,"column":26}},"77":{"start":{"line":78,"column":0},"end":{"line":78,"column":30}},"78":{"start":{"line":79,"column":0},"end":{"line":79,"column":50}},"79":{"start":{"line":80,"column":0},"end":{"line":80,"column":11}},"80":{"start":{"line":81,"column":0},"end":{"line":81,"column":3}},"81":{"start":{"line":82,"column":0},"end":{"line":82,"column":44}},"82":{"start":{"line":83,"column":0},"end":{"line":83,"column":49}},"83":{"start":{"line":84,"column":0},"end":{"line":84,"column":1}},"89":{"start":{"line":90,"column":0},"end":{"line":90,"column":16}},"90":{"start":{"line":91,"column":0},"end":{"line":91,"column":9}},"91":{"start":{"line":92,"column":0},"end":{"line":92,"column":10}},"92":{"start":{"line":93,"column":0},"end":{"line":93,"column":6}},"93":{"start":{"line":94,"column":0},"end":{"line":94,"column":9}},"94":{"start":{"line":95,"column":0},"end":{"line":95,"column":18}},"95":{"start":{"line":96,"column":0},"end":{"line":96,"column":9}},"96":{"start":{"line":97,"column":0},"end":{"line":97,"column":11}}},"s":{"0":1,"1":1,"3":1,"4":1,"5":1,"8":1,"14":1,"15":1,"16":1,"17":1,"18":1,"27":1,"28":1,"29":1,"30":1,"35":0,"36":0,"37":0,"38":0,"39":0,"40":0,"41":0,"42":0,"43":0,"48":0,"49":0,"50":0,"51":0,"52":0,"57":0,"58":0,"59":0,"60":0,"61":0,"66":0,"67":0,"68":0,"69":0,"70":0,"75":0,"76":0,"77":0,"78":0,"79":0,"80":0,"81":0,"82":0,"83":0,"89":1,"90":1,"91":1,"92":1,"93":1,"94":1,"95":1,"96":1},"branchMap":{"0":{"type":"branch","line":28,"loc":{"start":{"line":28,"column":0},"end":{"line":31,"column":1}},"locations":[{"start":{"line":28,"column":0},"end":{"line":31,"column":1}}]}},"b":{"0":[1]},"fnMap":{"0":{"name":"getAll","decl":{"start":{"line":28,"column":0},"end":{"line":31,"column":1}},"loc":{"start":{"line":28,"column":0},"end":{"line":31,"column":1}},"line":28},"1":{"name":"getById","decl":{"start":{"line":36,"column":0},"end":{"line":44,"column":1}},"loc":{"start":{"line":36,"column":0},"end":{"line":44,"column":1}},"line":36},"2":{"name":"add","decl":{"start":{"line":49,"column":0},"end":{"line":53,"column":1}},"loc":{"start":{"line":49,"column":0},"end":{"line":53,"column":1}},"line":49},"3":{"name":"update","decl":{"start":{"line":58,"column":0},"end":{"line":62,"column":1}},"loc":{"start":{"line":58,"column":0},"end":{"line":62,"column":1}},"line":58},"4":{"name":"delete_","decl":{"start":{"line":67,"column":0},"end":{"line":71,"column":1}},"loc":{"start":{"line":67,"column":0},"end":{"line":71,"column":1}},"line":67},"5":{"name":"search","decl":{"start":{"line":76,"column":0},"end":{"line":84,"column":1}},"loc":{"start":{"line":76,"column":0},"end":{"line":84,"column":1}},"line":76}},"f":{"0":1,"1":0,"2":0,"3":0,"4":0,"5":0}}
,"/Users/lana/projects/5FSDT-fase2/src/routes/index.ts": {"path":"/Users/lana/projects/5FSDT-fase2/src/routes/index.ts","all":false,"statementMap":{"0":{"start":{"line":1,"column":0},"end":{"line":1,"column":33}},"2":{"start":{"line":3,"column":0},"end":{"line":3,"column":48}},"3":{"start":{"line":4,"column":0},"end":{"line":4,"column":38}},"9":{"start":{"line":10,"column":0},"end":{"line":10,"column":27}},"11":{"start":{"line":12,"column":0},"end":{"line":12,"column":29}},"13":{"start":{"line":14,"column":0},"end":{"line":14,"column":40}},"14":{"start":{"line":15,"column":0},"end":{"line":15,"column":54}},"15":{"start":{"line":16,"column":0},"end":{"line":16,"column":38}},"16":{"start":{"line":17,"column":0},"end":{"line":17,"column":53}},"17":{"start":{"line":18,"column":0},"end":{"line":18,"column":56}},"18":{"start":{"line":19,"column":0},"end":{"line":19,"column":55}},"20":{"start":{"line":21,"column":0},"end":{"line":21,"column":45}},"26":{"start":{"line":27,"column":0},"end":{"line":27,"column":25}}},"s":{"0":1,"2":1,"3":1,"9":1,"11":1,"13":1,"14":1,"15":1,"16":1,"17":1,"18":1,"20":1,"26":1},"branchMap":{},"b":{},"fnMap":{},"f":{}}
,"/Users/lana/projects/5FSDT-fase2/src/routes/common/types/index.ts": {"path":"/Users/lana/projects/5FSDT-fase2/src/routes/common/types/index.ts","all":true,"statementMap":{},"s":{},"branchMap":{"0":{"type":"branch","line":1,"loc":{"start":{"line":1,"column":402},"end":{"line":10,"column":46}},"locations":[{"start":{"line":1,"column":402},"end":{"line":10,"column":46}}]}},"b":{"0":[1]},"fnMap":{"0":{"name":"(empty-report)","decl":{"start":{"line":1,"column":402},"end":{"line":10,"column":46}},"loc":{"start":{"line":1,"column":402},"end":{"line":10,"column":46}},"line":1}},"f":{"0":1}}
,"/Users/lana/projects/5FSDT-fase2/src/routes/common/util/index.ts": {"path":"/Users/lana/projects/5FSDT-fase2/src/routes/common/util/index.ts","all":false,"statementMap":{"0":{"start":{"line":1,"column":0},"end":{"line":1,"column":60}},"2":{"start":{"line":3,"column":0},"end":{"line":3,"column":64}},"13":{"start":{"line":14,"column":0},"end":{"line":14,"column":56}},"14":{"start":{"line":15,"column":0},"end":{"line":15,"column":40}},"15":{"start":{"line":16,"column":0},"end":{"line":16,"column":38}},"16":{"start":{"line":17,"column":0},"end":{"line":17,"column":5}},"17":{"start":{"line":18,"column":0},"end":{"line":18,"column":1}}},"s":{"0":1,"2":1,"13":1,"14":3,"15":0,"16":3,"17":3},"branchMap":{"0":{"type":"branch","line":14,"loc":{"start":{"line":14,"column":7},"end":{"line":18,"column":1}},"locations":[{"start":{"line":14,"column":7},"end":{"line":18,"column":1}}]}},"b":{"0":[3]},"fnMap":{"0":{"name":"parseReq","decl":{"start":{"line":14,"column":7},"end":{"line":18,"column":1}},"loc":{"start":{"line":14,"column":7},"end":{"line":18,"column":1}},"line":14}},"f":{"0":3}}
,"/Users/lana/projects/5FSDT-fase2/src/services/PostService.ts": {"path":"/Users/lana/projects/5FSDT-fase2/src/services/PostService.ts","all":false,"statementMap":{"0":{"start":{"line":1,"column":0},"end":{"line":1,"column":59}},"1":{"start":{"line":2,"column":0},"end":{"line":2,"column":68}},"3":{"start":{"line":4,"column":0},"end":{"line":4,"column":43}},"6":{"start":{"line":7,"column":0},"end":{"line":7,"column":51}},"11":{"start":{"line":12,"column":0},"end":{"line":12,"column":37}},"12":{"start":{"line":13,"column":0},"end":{"line":13,"column":27}},"13":{"start":{"line":14,"column":0},"end":{"line":14,"column":1}},"18":{"start":{"line":19,"column":0},"end":{"line":19,"column":59}},"19":{"start":{"line":20,"column":0},"end":{"line":20,"column":41}},"20":{"start":{"line":21,"column":0},"end":{"line":21,"column":14}},"21":{"start":{"line":22,"column":0},"end":{"line":22,"column":72}},"22":{"start":{"line":23,"column":0},"end":{"line":23,"column":3}},"25":{"start":{"line":26,"column":0},"end":{"line":26,"column":14}},"26":{"start":{"line":27,"column":0},"end":{"line":27,"column":1}},"31":{"start":{"line":32,"column":0},"end":{"line":32,"column":45}},"32":{"start":{"line":33,"column":0},"end":{"line":33,"column":28}},"33":{"start":{"line":34,"column":0},"end":{"line":34,"column":1}},"38":{"start":{"line":39,"column":0},"end":{"line":39,"column":54}},"39":{"start":{"line":40,"column":0},"end":{"line":40,"column":52}},"40":{"start":{"line":41,"column":0},"end":{"line":41,"column":18}},"41":{"start":{"line":42,"column":0},"end":{"line":42,"column":72}},"42":{"start":{"line":43,"column":0},"end":{"line":43,"column":3}},"44":{"start":{"line":45,"column":0},"end":{"line":45,"column":31}},"45":{"start":{"line":46,"column":0},"end":{"line":46,"column":1}},"50":{"start":{"line":51,"column":0},"end":{"line":51,"column":50}},"51":{"start":{"line":52,"column":0},"end":{"line":52,"column":47}},"52":{"start":{"line":53,"column":0},"end":{"line":53,"column":18}},"53":{"start":{"line":54,"column":0},"end":{"line":54,"column":72}},"54":{"start":{"line":55,"column":0},"end":{"line":55,"column":3}},"56":{"start":{"line":57,"column":0},"end":{"line":57,"column":29}},"57":{"start":{"line":58,"column":0},"end":{"line":58,"column":1}},"62":{"start":{"line":63,"column":0},"end":{"line":63,"column":56}},"63":{"start":{"line":64,"column":0},"end":{"line":64,"column":32}},"64":{"start":{"line":65,"column":0},"end":{"line":65,"column":1}},"66":{"start":{"line":67,"column":0},"end":{"line":67,"column":16}},"67":{"start":{"line":68,"column":0},"end":{"line":68,"column":9}},"68":{"start":{"line":69,"column":0},"end":{"line":69,"column":10}},"69":{"start":{"line":70,"column":0},"end":{"line":70,"column":9}},"70":{"start":{"line":71,"column":0},"end":{"line":71,"column":12}},"71":{"start":{"line":72,"column":0},"end":{"line":72,"column":9}},"72":{"start":{"line":73,"column":0},"end":{"line":73,"column":9}},"73":{"start":{"line":74,"column":0},"end":{"line":74,"column":11}}},"s":{"0":1,"1":1,"3":1,"6":1,"11":1,"12":1,"13":1,"18":0,"19":0,"20":0,"21":0,"22":0,"25":0,"26":0,"31":0,"32":0,"33":0,"38":0,"39":0,"40":0,"41":0,"42":0,"44":0,"45":0,"50":0,"51":0,"52":0,"53":0,"54":0,"56":0,"57":0,"62":0,"63":0,"64":0,"66":1,"67":1,"68":1,"69":1,"70":1,"71":1,"72":1,"73":1},"branchMap":{"0":{"type":"branch","line":12,"loc":{"start":{"line":12,"column":0},"end":{"line":14,"column":1}},"locations":[{"start":{"line":12,"column":0},"end":{"line":14,"column":1}}]}},"b":{"0":[1]},"fnMap":{"0":{"name":"getAll","decl":{"start":{"line":12,"column":0},"end":{"line":14,"column":1}},"loc":{"start":{"line":12,"column":0},"end":{"line":14,"column":1}},"line":12},"1":{"name":"getById","decl":{"start":{"line":19,"column":0},"end":{"line":27,"column":1}},"loc":{"start":{"line":19,"column":0},"end":{"line":27,"column":1}},"line":19},"2":{"name":"addOne","decl":{"start":{"line":32,"column":0},"end":{"line":34,"column":1}},"loc":{"start":{"line":32,"column":0},"end":{"line":34,"column":1}},"line":32},"3":{"name":"updateOne","decl":{"start":{"line":39,"column":0},"end":{"line":46,"column":1}},"loc":{"start":{"line":39,"column":0},"end":{"line":46,"column":1}},"line":39},"4":{"name":"remove","decl":{"start":{"line":51,"column":0},"end":{"line":58,"column":1}},"loc":{"start":{"line":51,"column":0},"end":{"line":58,"column":1}},"line":51},"5":{"name":"search","decl":{"start":{"line":63,"column":0},"end":{"line":65,"column":1}},"loc":{"start":{"line":63,"column":0},"end":{"line":65,"column":1}},"line":63}},"f":{"0":1,"1":0,"2":0,"3":0,"4":0,"5":0}}
}
